[2024-05-23 18:05:32,499: INFO: main: Welcome to our custom log]
[2024-05-24 18:12:51,503: INFO: common: yaml file: config\config.yaml loaded successfully]
[2024-05-24 18:12:51,707: INFO: common: yaml file: params.yaml loaded successfully]
[2024-05-24 18:12:51,740: INFO: common: created directory at: artifacts]
[2024-05-24 18:12:51,815: INFO: common: created directory at: artifacts/data_ingestion]
[2024-05-24 18:12:51,823: INFO: 986331348: Downloading data from https://drive.google.com/file/d/18rPlkw0i4k4vZMBqAjZhvRSK18x_sdNF/view?usp=sharing into file artifacts/data_ingestion/data.zip]
[2024-05-24 18:13:10,558: INFO: 986331348: Downloaded data from https://drive.google.com/file/d/18rPlkw0i4k4vZMBqAjZhvRSK18x_sdNF/view?usp=sharing into file artifacts/data_ingestion/data.zip]
[2024-05-24 18:55:35,946: INFO: common: yaml file: config\config.yaml loaded successfully]
[2024-05-24 18:55:36,038: INFO: common: yaml file: params.yaml loaded successfully]
[2024-05-24 18:55:36,079: INFO: common: created directory at: artifacts]
[2024-05-24 18:55:36,089: INFO: common: created directory at: artifacts/prepare_base_model]
[2024-05-24 18:55:43,348: WARNING: saving_utils: Compiled the loaded model, but the compiled metrics have yet to be built. `model.compile_metrics` will be empty until you train or evaluate the model.]
[2024-05-24 19:59:41,976: INFO: main: >>>>>> stage Data Ingestion stage started <<<<<<]
[2024-05-24 19:59:42,138: INFO: common: yaml file: config\config.yaml loaded successfully]
[2024-05-24 19:59:42,161: INFO: common: yaml file: params.yaml loaded successfully]
[2024-05-24 19:59:42,162: INFO: common: created directory at: artifacts]
[2024-05-24 19:59:42,234: INFO: common: created directory at: artifacts/data_ingestion]
[2024-05-24 19:59:42,235: INFO: data_ingestion: Downloading data from https://drive.google.com/file/d/18rPlkw0i4k4vZMBqAjZhvRSK18x_sdNF/view?usp=sharing into file artifacts/data_ingestion/data.zip]
[2024-05-24 20:00:08,736: INFO: data_ingestion: Downloaded data from https://drive.google.com/file/d/18rPlkw0i4k4vZMBqAjZhvRSK18x_sdNF/view?usp=sharing into file artifacts/data_ingestion/data.zip]
[2024-05-24 20:00:10,903: INFO: main: >>>>>> stage Data Ingestion stage completed <<<<<<

x==========x]
[2024-05-24 20:00:10,904: INFO: main: *******************]
[2024-05-24 20:00:10,904: INFO: main: >>>>>> stage Prepare base model started <<<<<<]
[2024-05-24 20:00:10,908: INFO: common: yaml file: config\config.yaml loaded successfully]
[2024-05-24 20:00:10,912: INFO: common: yaml file: params.yaml loaded successfully]
[2024-05-24 20:00:10,912: INFO: common: created directory at: artifacts]
[2024-05-24 20:00:10,913: INFO: common: created directory at: artifacts/prepare_base_model]
[2024-05-24 20:00:18,405: WARNING: saving_utils: Compiled the loaded model, but the compiled metrics have yet to be built. `model.compile_metrics` will be empty until you train or evaluate the model.]
[2024-05-24 20:00:22,637: INFO: main: >>>>>> stage Prepare base model completed <<<<<<

x==========x]
